c:\users\edlor_k\documents\github\itlab_lu_decomposition\src\lu_decomposition.dir\release\matrix.obj
c:\users\edlor_k\documents\github\itlab_lu_decomposition\src\cmakefiles\generate.stamp
c:\users\edlor_k\documents\github\itlab_lu_decomposition\src\release\lu_decomposition.lib
c:\users\edlor_k\documents\github\itlab_lu_decomposition\src\lu_decomposition.dir\release\lu_decomposition.tlog\cl.command.1.tlog
c:\users\edlor_k\documents\github\itlab_lu_decomposition\src\lu_decomposition.dir\release\lu_decomposition.tlog\cl.items.tlog
c:\users\edlor_k\documents\github\itlab_lu_decomposition\src\lu_decomposition.dir\release\lu_decomposition.tlog\cl.read.1.tlog
c:\users\edlor_k\documents\github\itlab_lu_decomposition\src\lu_decomposition.dir\release\lu_decomposition.tlog\cl.write.1.tlog
c:\users\edlor_k\documents\github\itlab_lu_decomposition\src\lu_decomposition.dir\release\lu_decomposition.tlog\custombuild.command.1.tlog
c:\users\edlor_k\documents\github\itlab_lu_decomposition\src\lu_decomposition.dir\release\lu_decomposition.tlog\custombuild.read.1.tlog
c:\users\edlor_k\documents\github\itlab_lu_decomposition\src\lu_decomposition.dir\release\lu_decomposition.tlog\custombuild.write.1.tlog
c:\users\edlor_k\documents\github\itlab_lu_decomposition\src\lu_decomposition.dir\release\lu_decomposition.tlog\icx-cl-clang-cl.delete.1.tlog
c:\users\edlor_k\documents\github\itlab_lu_decomposition\src\lu_decomposition.dir\release\lu_decomposition.tlog\icx-cl-clang-cl.read.1.tlog
c:\users\edlor_k\documents\github\itlab_lu_decomposition\src\lu_decomposition.dir\release\lu_decomposition.tlog\icx-cl-clang-cl.write.1.tlog
c:\users\edlor_k\documents\github\itlab_lu_decomposition\src\lu_decomposition.dir\release\lu_decomposition.tlog\icx-cl.command.1.tlog
c:\users\edlor_k\documents\github\itlab_lu_decomposition\src\lu_decomposition.dir\release\lu_decomposition.tlog\icx-cl.read.1.tlog
c:\users\edlor_k\documents\github\itlab_lu_decomposition\src\lu_decomposition.dir\release\lu_decomposition.tlog\icx-cl.write.1.tlog
c:\users\edlor_k\documents\github\itlab_lu_decomposition\src\lu_decomposition.dir\release\lu_decomposition.tlog\lib-link.read.1.tlog
c:\users\edlor_k\documents\github\itlab_lu_decomposition\src\lu_decomposition.dir\release\lu_decomposition.tlog\lib-link.write.1.tlog
c:\users\edlor_k\documents\github\itlab_lu_decomposition\src\lu_decomposition.dir\release\lu_decomposition.tlog\lib.command.1.tlog
c:\users\edlor_k\documents\github\itlab_lu_decomposition\src\lu_decomposition.dir\release\lu_decomposition.tlog\xilib-xilink-lld-link.delete.1.tlog
c:\users\edlor_k\documents\github\itlab_lu_decomposition\src\lu_decomposition.dir\release\lu_decomposition.tlog\xilib-xilink-lld-link.read.1.tlog
c:\users\edlor_k\documents\github\itlab_lu_decomposition\src\lu_decomposition.dir\release\lu_decomposition.tlog\xilib-xilink-lld-link.write.1.tlog
c:\users\edlor_k\documents\github\itlab_lu_decomposition\src\lu_decomposition.dir\release\lu_decomposition.tlog\xilib-xilink.read.1.tlog
c:\users\edlor_k\documents\github\itlab_lu_decomposition\src\lu_decomposition.dir\release\lu_decomposition.tlog\xilib-xilink.write.1.tlog
c:\users\edlor_k\documents\github\itlab_lu_decomposition\src\lu_decomposition.dir\release\lu_decomposition.tlog\xilib.command.1.tlog
