c:\users\edlor_k\documents\github\itlab_lu_decomposition\samples\cmakefiles\generate.stamp
c:\users\edlor_k\documents\github\itlab_lu_decomposition\samples\main.dir\release\main.obj
c:\users\edlor_k\documents\github\itlab_lu_decomposition\release\main.exe
c:\users\edlor_k\documents\github\itlab_lu_decomposition\samples\main.dir\release\main.tlog\cl.items.tlog
c:\users\edlor_k\documents\github\itlab_lu_decomposition\samples\main.dir\release\main.tlog\custombuild.command.1.tlog
c:\users\edlor_k\documents\github\itlab_lu_decomposition\samples\main.dir\release\main.tlog\custombuild.read.1.tlog
c:\users\edlor_k\documents\github\itlab_lu_decomposition\samples\main.dir\release\main.tlog\custombuild.write.1.tlog
c:\users\edlor_k\documents\github\itlab_lu_decomposition\samples\main.dir\release\main.tlog\icx-cl-clang-cl-clang-offload-bundler-llvm-objcopy.delete.1.tlog
c:\users\edlor_k\documents\github\itlab_lu_decomposition\samples\main.dir\release\main.tlog\icx-cl-clang-cl-clang-offload-bundler-llvm-objcopy.read.1.tlog
c:\users\edlor_k\documents\github\itlab_lu_decomposition\samples\main.dir\release\main.tlog\icx-cl-clang-cl-clang-offload-bundler-llvm-objcopy.write.1.tlog
c:\users\edlor_k\documents\github\itlab_lu_decomposition\samples\main.dir\release\main.tlog\icx-cl-clang-cl-clang-offload-bundler.read.1.tlog
c:\users\edlor_k\documents\github\itlab_lu_decomposition\samples\main.dir\release\main.tlog\icx-cl-clang-cl-clang-offload-bundler.write.1.tlog
c:\users\edlor_k\documents\github\itlab_lu_decomposition\samples\main.dir\release\main.tlog\icx-cl-clang-cl.12380.delete.1.tlog
c:\users\edlor_k\documents\github\itlab_lu_decomposition\samples\main.dir\release\main.tlog\icx-cl-clang-cl.12380.read.1.tlog
c:\users\edlor_k\documents\github\itlab_lu_decomposition\samples\main.dir\release\main.tlog\icx-cl-clang-cl.12380.write.1.tlog
c:\users\edlor_k\documents\github\itlab_lu_decomposition\samples\main.dir\release\main.tlog\icx-cl-clang-cl.13616.delete.1.tlog
c:\users\edlor_k\documents\github\itlab_lu_decomposition\samples\main.dir\release\main.tlog\icx-cl-clang-cl.13616.read.1.tlog
c:\users\edlor_k\documents\github\itlab_lu_decomposition\samples\main.dir\release\main.tlog\icx-cl-clang-cl.13616.write.1.tlog
c:\users\edlor_k\documents\github\itlab_lu_decomposition\samples\main.dir\release\main.tlog\icx-cl-clang-cl.7652.delete.1.tlog
c:\users\edlor_k\documents\github\itlab_lu_decomposition\samples\main.dir\release\main.tlog\icx-cl-clang-cl.7652.read.1.tlog
c:\users\edlor_k\documents\github\itlab_lu_decomposition\samples\main.dir\release\main.tlog\icx-cl-clang-cl.7652.write.1.tlog
c:\users\edlor_k\documents\github\itlab_lu_decomposition\samples\main.dir\release\main.tlog\icx-cl-clang-cl.delete.1.tlog
c:\users\edlor_k\documents\github\itlab_lu_decomposition\samples\main.dir\release\main.tlog\icx-cl-clang-cl.read.1.tlog
c:\users\edlor_k\documents\github\itlab_lu_decomposition\samples\main.dir\release\main.tlog\icx-cl-clang-cl.write.1.tlog
c:\users\edlor_k\documents\github\itlab_lu_decomposition\samples\main.dir\release\main.tlog\icx-cl.command.1.tlog
c:\users\edlor_k\documents\github\itlab_lu_decomposition\samples\main.dir\release\main.tlog\icx-cl.read.1.tlog
c:\users\edlor_k\documents\github\itlab_lu_decomposition\samples\main.dir\release\main.tlog\icx-cl.write.1.tlog
c:\users\edlor_k\documents\github\itlab_lu_decomposition\samples\main.dir\release\main.tlog\link-icx-cl-clang-cl-clang-offload-bundler.10324.read.1.tlog
c:\users\edlor_k\documents\github\itlab_lu_decomposition\samples\main.dir\release\main.tlog\link-icx-cl-clang-cl-clang-offload-bundler.10324.write.1.tlog
c:\users\edlor_k\documents\github\itlab_lu_decomposition\samples\main.dir\release\main.tlog\link-icx-cl-clang-cl-clang-offload-bundler.10372.read.1.tlog
c:\users\edlor_k\documents\github\itlab_lu_decomposition\samples\main.dir\release\main.tlog\link-icx-cl-clang-cl-clang-offload-bundler.10428.read.1.tlog
c:\users\edlor_k\documents\github\itlab_lu_decomposition\samples\main.dir\release\main.tlog\link-icx-cl-clang-cl-clang-offload-bundler.10572.read.1.tlog
c:\users\edlor_k\documents\github\itlab_lu_decomposition\samples\main.dir\release\main.tlog\link-icx-cl-clang-cl-clang-offload-bundler.10688.read.1.tlog
c:\users\edlor_k\documents\github\itlab_lu_decomposition\samples\main.dir\release\main.tlog\link-icx-cl-clang-cl-clang-offload-bundler.11180.read.1.tlog
c:\users\edlor_k\documents\github\itlab_lu_decomposition\samples\main.dir\release\main.tlog\link-icx-cl-clang-cl-clang-offload-bundler.11272.read.1.tlog
c:\users\edlor_k\documents\github\itlab_lu_decomposition\samples\main.dir\release\main.tlog\link-icx-cl-clang-cl-clang-offload-bundler.11280.read.1.tlog
c:\users\edlor_k\documents\github\itlab_lu_decomposition\samples\main.dir\release\main.tlog\link-icx-cl-clang-cl-clang-offload-bundler.11360.read.1.tlog
c:\users\edlor_k\documents\github\itlab_lu_decomposition\samples\main.dir\release\main.tlog\link-icx-cl-clang-cl-clang-offload-bundler.1168.read.1.tlog
c:\users\edlor_k\documents\github\itlab_lu_decomposition\samples\main.dir\release\main.tlog\link-icx-cl-clang-cl-clang-offload-bundler.11752.read.1.tlog
c:\users\edlor_k\documents\github\itlab_lu_decomposition\samples\main.dir\release\main.tlog\link-icx-cl-clang-cl-clang-offload-bundler.11752.write.1.tlog
c:\users\edlor_k\documents\github\itlab_lu_decomposition\samples\main.dir\release\main.tlog\link-icx-cl-clang-cl-clang-offload-bundler.11884.read.1.tlog
c:\users\edlor_k\documents\github\itlab_lu_decomposition\samples\main.dir\release\main.tlog\link-icx-cl-clang-cl-clang-offload-bundler.11892.read.1.tlog
c:\users\edlor_k\documents\github\itlab_lu_decomposition\samples\main.dir\release\main.tlog\link-icx-cl-clang-cl-clang-offload-bundler.11920.read.1.tlog
c:\users\edlor_k\documents\github\itlab_lu_decomposition\samples\main.dir\release\main.tlog\link-icx-cl-clang-cl-clang-offload-bundler.11936.read.1.tlog
c:\users\edlor_k\documents\github\itlab_lu_decomposition\samples\main.dir\release\main.tlog\link-icx-cl-clang-cl-clang-offload-bundler.11940.read.1.tlog
c:\users\edlor_k\documents\github\itlab_lu_decomposition\samples\main.dir\release\main.tlog\link-icx-cl-clang-cl-clang-offload-bundler.11972.read.1.tlog
c:\users\edlor_k\documents\github\itlab_lu_decomposition\samples\main.dir\release\main.tlog\link-icx-cl-clang-cl-clang-offload-bundler.11972.write.1.tlog
c:\users\edlor_k\documents\github\itlab_lu_decomposition\samples\main.dir\release\main.tlog\link-icx-cl-clang-cl-clang-offload-bundler.11980.read.1.tlog
c:\users\edlor_k\documents\github\itlab_lu_decomposition\samples\main.dir\release\main.tlog\link-icx-cl-clang-cl-clang-offload-bundler.11980.write.1.tlog
c:\users\edlor_k\documents\github\itlab_lu_decomposition\samples\main.dir\release\main.tlog\link-icx-cl-clang-cl-clang-offload-bundler.12016.read.1.tlog
c:\users\edlor_k\documents\github\itlab_lu_decomposition\samples\main.dir\release\main.tlog\link-icx-cl-clang-cl-clang-offload-bundler.12044.read.1.tlog
c:\users\edlor_k\documents\github\itlab_lu_decomposition\samples\main.dir\release\main.tlog\link-icx-cl-clang-cl-clang-offload-bundler.12132.read.1.tlog
c:\users\edlor_k\documents\github\itlab_lu_decomposition\samples\main.dir\release\main.tlog\link-icx-cl-clang-cl-clang-offload-bundler.12188.read.1.tlog
c:\users\edlor_k\documents\github\itlab_lu_decomposition\samples\main.dir\release\main.tlog\link-icx-cl-clang-cl-clang-offload-bundler.12292.read.1.tlog
c:\users\edlor_k\documents\github\itlab_lu_decomposition\samples\main.dir\release\main.tlog\link-icx-cl-clang-cl-clang-offload-bundler.12292.write.1.tlog
c:\users\edlor_k\documents\github\itlab_lu_decomposition\samples\main.dir\release\main.tlog\link-icx-cl-clang-cl-clang-offload-bundler.12388.read.1.tlog
c:\users\edlor_k\documents\github\itlab_lu_decomposition\samples\main.dir\release\main.tlog\link-icx-cl-clang-cl-clang-offload-bundler.12424.read.1.tlog
c:\users\edlor_k\documents\github\itlab_lu_decomposition\samples\main.dir\release\main.tlog\link-icx-cl-clang-cl-clang-offload-bundler.12464.read.1.tlog
c:\users\edlor_k\documents\github\itlab_lu_decomposition\samples\main.dir\release\main.tlog\link-icx-cl-clang-cl-clang-offload-bundler.1256.read.1.tlog
c:\users\edlor_k\documents\github\itlab_lu_decomposition\samples\main.dir\release\main.tlog\link-icx-cl-clang-cl-clang-offload-bundler.1256.write.1.tlog
c:\users\edlor_k\documents\github\itlab_lu_decomposition\samples\main.dir\release\main.tlog\link-icx-cl-clang-cl-clang-offload-bundler.12724.read.1.tlog
c:\users\edlor_k\documents\github\itlab_lu_decomposition\samples\main.dir\release\main.tlog\link-icx-cl-clang-cl-clang-offload-bundler.12796.read.1.tlog
c:\users\edlor_k\documents\github\itlab_lu_decomposition\samples\main.dir\release\main.tlog\link-icx-cl-clang-cl-clang-offload-bundler.12796.write.1.tlog
c:\users\edlor_k\documents\github\itlab_lu_decomposition\samples\main.dir\release\main.tlog\link-icx-cl-clang-cl-clang-offload-bundler.12852.read.1.tlog
c:\users\edlor_k\documents\github\itlab_lu_decomposition\samples\main.dir\release\main.tlog\link-icx-cl-clang-cl-clang-offload-bundler.12852.write.1.tlog
c:\users\edlor_k\documents\github\itlab_lu_decomposition\samples\main.dir\release\main.tlog\link-icx-cl-clang-cl-clang-offload-bundler.12864.read.1.tlog
c:\users\edlor_k\documents\github\itlab_lu_decomposition\samples\main.dir\release\main.tlog\link-icx-cl-clang-cl-clang-offload-bundler.12864.write.1.tlog
c:\users\edlor_k\documents\github\itlab_lu_decomposition\samples\main.dir\release\main.tlog\link-icx-cl-clang-cl-clang-offload-bundler.12904.read.1.tlog
c:\users\edlor_k\documents\github\itlab_lu_decomposition\samples\main.dir\release\main.tlog\link-icx-cl-clang-cl-clang-offload-bundler.13012.read.1.tlog
c:\users\edlor_k\documents\github\itlab_lu_decomposition\samples\main.dir\release\main.tlog\link-icx-cl-clang-cl-clang-offload-bundler.13040.read.1.tlog
c:\users\edlor_k\documents\github\itlab_lu_decomposition\samples\main.dir\release\main.tlog\link-icx-cl-clang-cl-clang-offload-bundler.13072.read.1.tlog
c:\users\edlor_k\documents\github\itlab_lu_decomposition\samples\main.dir\release\main.tlog\link-icx-cl-clang-cl-clang-offload-bundler.13092.read.1.tlog
c:\users\edlor_k\documents\github\itlab_lu_decomposition\samples\main.dir\release\main.tlog\link-icx-cl-clang-cl-clang-offload-bundler.13116.read.1.tlog
c:\users\edlor_k\documents\github\itlab_lu_decomposition\samples\main.dir\release\main.tlog\link-icx-cl-clang-cl-clang-offload-bundler.13276.read.1.tlog
c:\users\edlor_k\documents\github\itlab_lu_decomposition\samples\main.dir\release\main.tlog\link-icx-cl-clang-cl-clang-offload-bundler.13280.read.1.tlog
c:\users\edlor_k\documents\github\itlab_lu_decomposition\samples\main.dir\release\main.tlog\link-icx-cl-clang-cl-clang-offload-bundler.13280.write.1.tlog
c:\users\edlor_k\documents\github\itlab_lu_decomposition\samples\main.dir\release\main.tlog\link-icx-cl-clang-cl-clang-offload-bundler.13320.read.1.tlog
c:\users\edlor_k\documents\github\itlab_lu_decomposition\samples\main.dir\release\main.tlog\link-icx-cl-clang-cl-clang-offload-bundler.13556.read.1.tlog
c:\users\edlor_k\documents\github\itlab_lu_decomposition\samples\main.dir\release\main.tlog\link-icx-cl-clang-cl-clang-offload-bundler.13636.read.1.tlog
c:\users\edlor_k\documents\github\itlab_lu_decomposition\samples\main.dir\release\main.tlog\link-icx-cl-clang-cl-clang-offload-bundler.13664.read.1.tlog
c:\users\edlor_k\documents\github\itlab_lu_decomposition\samples\main.dir\release\main.tlog\link-icx-cl-clang-cl-clang-offload-bundler.13744.read.1.tlog
c:\users\edlor_k\documents\github\itlab_lu_decomposition\samples\main.dir\release\main.tlog\link-icx-cl-clang-cl-clang-offload-bundler.13788.read.1.tlog
c:\users\edlor_k\documents\github\itlab_lu_decomposition\samples\main.dir\release\main.tlog\link-icx-cl-clang-cl-clang-offload-bundler.13860.read.1.tlog
c:\users\edlor_k\documents\github\itlab_lu_decomposition\samples\main.dir\release\main.tlog\link-icx-cl-clang-cl-clang-offload-bundler.13884.read.1.tlog
c:\users\edlor_k\documents\github\itlab_lu_decomposition\samples\main.dir\release\main.tlog\link-icx-cl-clang-cl-clang-offload-bundler.13896.read.1.tlog
c:\users\edlor_k\documents\github\itlab_lu_decomposition\samples\main.dir\release\main.tlog\link-icx-cl-clang-cl-clang-offload-bundler.13936.read.1.tlog
c:\users\edlor_k\documents\github\itlab_lu_decomposition\samples\main.dir\release\main.tlog\link-icx-cl-clang-cl-clang-offload-bundler.13972.read.1.tlog
c:\users\edlor_k\documents\github\itlab_lu_decomposition\samples\main.dir\release\main.tlog\link-icx-cl-clang-cl-clang-offload-bundler.13972.write.1.tlog
c:\users\edlor_k\documents\github\itlab_lu_decomposition\samples\main.dir\release\main.tlog\link-icx-cl-clang-cl-clang-offload-bundler.13996.read.1.tlog
c:\users\edlor_k\documents\github\itlab_lu_decomposition\samples\main.dir\release\main.tlog\link-icx-cl-clang-cl-clang-offload-bundler.14064.read.1.tlog
c:\users\edlor_k\documents\github\itlab_lu_decomposition\samples\main.dir\release\main.tlog\link-icx-cl-clang-cl-clang-offload-bundler.14100.read.1.tlog
c:\users\edlor_k\documents\github\itlab_lu_decomposition\samples\main.dir\release\main.tlog\link-icx-cl-clang-cl-clang-offload-bundler.14132.read.1.tlog
c:\users\edlor_k\documents\github\itlab_lu_decomposition\samples\main.dir\release\main.tlog\link-icx-cl-clang-cl-clang-offload-bundler.14212.read.1.tlog
c:\users\edlor_k\documents\github\itlab_lu_decomposition\samples\main.dir\release\main.tlog\link-icx-cl-clang-cl-clang-offload-bundler.14212.write.1.tlog
c:\users\edlor_k\documents\github\itlab_lu_decomposition\samples\main.dir\release\main.tlog\link-icx-cl-clang-cl-clang-offload-bundler.14216.read.1.tlog
c:\users\edlor_k\documents\github\itlab_lu_decomposition\samples\main.dir\release\main.tlog\link-icx-cl-clang-cl-clang-offload-bundler.14216.write.1.tlog
c:\users\edlor_k\documents\github\itlab_lu_decomposition\samples\main.dir\release\main.tlog\link-icx-cl-clang-cl-clang-offload-bundler.14224.read.1.tlog
c:\users\edlor_k\documents\github\itlab_lu_decomposition\samples\main.dir\release\main.tlog\link-icx-cl-clang-cl-clang-offload-bundler.14224.write.1.tlog
c:\users\edlor_k\documents\github\itlab_lu_decomposition\samples\main.dir\release\main.tlog\link-icx-cl-clang-cl-clang-offload-bundler.14240.read.1.tlog
c:\users\edlor_k\documents\github\itlab_lu_decomposition\samples\main.dir\release\main.tlog\link-icx-cl-clang-cl-clang-offload-bundler.14276.read.1.tlog
c:\users\edlor_k\documents\github\itlab_lu_decomposition\samples\main.dir\release\main.tlog\link-icx-cl-clang-cl-clang-offload-bundler.14296.read.1.tlog
c:\users\edlor_k\documents\github\itlab_lu_decomposition\samples\main.dir\release\main.tlog\link-icx-cl-clang-cl-clang-offload-bundler.14304.read.1.tlog
c:\users\edlor_k\documents\github\itlab_lu_decomposition\samples\main.dir\release\main.tlog\link-icx-cl-clang-cl-clang-offload-bundler.14304.write.1.tlog
c:\users\edlor_k\documents\github\itlab_lu_decomposition\samples\main.dir\release\main.tlog\link-icx-cl-clang-cl-clang-offload-bundler.14328.read.1.tlog
c:\users\edlor_k\documents\github\itlab_lu_decomposition\samples\main.dir\release\main.tlog\link-icx-cl-clang-cl-clang-offload-bundler.14328.write.1.tlog
c:\users\edlor_k\documents\github\itlab_lu_decomposition\samples\main.dir\release\main.tlog\link-icx-cl-clang-cl-clang-offload-bundler.1444.read.1.tlog
c:\users\edlor_k\documents\github\itlab_lu_decomposition\samples\main.dir\release\main.tlog\link-icx-cl-clang-cl-clang-offload-bundler.1560.read.1.tlog
c:\users\edlor_k\documents\github\itlab_lu_decomposition\samples\main.dir\release\main.tlog\link-icx-cl-clang-cl-clang-offload-bundler.1780.read.1.tlog
c:\users\edlor_k\documents\github\itlab_lu_decomposition\samples\main.dir\release\main.tlog\link-icx-cl-clang-cl-clang-offload-bundler.1780.write.1.tlog
c:\users\edlor_k\documents\github\itlab_lu_decomposition\samples\main.dir\release\main.tlog\link-icx-cl-clang-cl-clang-offload-bundler.1792.read.1.tlog
c:\users\edlor_k\documents\github\itlab_lu_decomposition\samples\main.dir\release\main.tlog\link-icx-cl-clang-cl-clang-offload-bundler.1900.read.1.tlog
c:\users\edlor_k\documents\github\itlab_lu_decomposition\samples\main.dir\release\main.tlog\link-icx-cl-clang-cl-clang-offload-bundler.1924.read.1.tlog
c:\users\edlor_k\documents\github\itlab_lu_decomposition\samples\main.dir\release\main.tlog\link-icx-cl-clang-cl-clang-offload-bundler.1928.read.1.tlog
c:\users\edlor_k\documents\github\itlab_lu_decomposition\samples\main.dir\release\main.tlog\link-icx-cl-clang-cl-clang-offload-bundler.1928.write.1.tlog
c:\users\edlor_k\documents\github\itlab_lu_decomposition\samples\main.dir\release\main.tlog\link-icx-cl-clang-cl-clang-offload-bundler.2632.read.1.tlog
c:\users\edlor_k\documents\github\itlab_lu_decomposition\samples\main.dir\release\main.tlog\link-icx-cl-clang-cl-clang-offload-bundler.2744.read.1.tlog
c:\users\edlor_k\documents\github\itlab_lu_decomposition\samples\main.dir\release\main.tlog\link-icx-cl-clang-cl-clang-offload-bundler.2848.read.1.tlog
c:\users\edlor_k\documents\github\itlab_lu_decomposition\samples\main.dir\release\main.tlog\link-icx-cl-clang-cl-clang-offload-bundler.3084.read.1.tlog
c:\users\edlor_k\documents\github\itlab_lu_decomposition\samples\main.dir\release\main.tlog\link-icx-cl-clang-cl-clang-offload-bundler.3192.read.1.tlog
c:\users\edlor_k\documents\github\itlab_lu_decomposition\samples\main.dir\release\main.tlog\link-icx-cl-clang-cl-clang-offload-bundler.3208.read.1.tlog
c:\users\edlor_k\documents\github\itlab_lu_decomposition\samples\main.dir\release\main.tlog\link-icx-cl-clang-cl-clang-offload-bundler.3312.read.1.tlog
c:\users\edlor_k\documents\github\itlab_lu_decomposition\samples\main.dir\release\main.tlog\link-icx-cl-clang-cl-clang-offload-bundler.3312.write.1.tlog
c:\users\edlor_k\documents\github\itlab_lu_decomposition\samples\main.dir\release\main.tlog\link-icx-cl-clang-cl-clang-offload-bundler.3544.read.1.tlog
c:\users\edlor_k\documents\github\itlab_lu_decomposition\samples\main.dir\release\main.tlog\link-icx-cl-clang-cl-clang-offload-bundler.3948.read.1.tlog
c:\users\edlor_k\documents\github\itlab_lu_decomposition\samples\main.dir\release\main.tlog\link-icx-cl-clang-cl-clang-offload-bundler.4040.read.1.tlog
c:\users\edlor_k\documents\github\itlab_lu_decomposition\samples\main.dir\release\main.tlog\link-icx-cl-clang-cl-clang-offload-bundler.4048.read.1.tlog
c:\users\edlor_k\documents\github\itlab_lu_decomposition\samples\main.dir\release\main.tlog\link-icx-cl-clang-cl-clang-offload-bundler.4116.read.1.tlog
c:\users\edlor_k\documents\github\itlab_lu_decomposition\samples\main.dir\release\main.tlog\link-icx-cl-clang-cl-clang-offload-bundler.4116.write.1.tlog
c:\users\edlor_k\documents\github\itlab_lu_decomposition\samples\main.dir\release\main.tlog\link-icx-cl-clang-cl-clang-offload-bundler.4172.read.1.tlog
c:\users\edlor_k\documents\github\itlab_lu_decomposition\samples\main.dir\release\main.tlog\link-icx-cl-clang-cl-clang-offload-bundler.4244.read.1.tlog
c:\users\edlor_k\documents\github\itlab_lu_decomposition\samples\main.dir\release\main.tlog\link-icx-cl-clang-cl-clang-offload-bundler.4404.read.1.tlog
c:\users\edlor_k\documents\github\itlab_lu_decomposition\samples\main.dir\release\main.tlog\link-icx-cl-clang-cl-clang-offload-bundler.4404.write.1.tlog
c:\users\edlor_k\documents\github\itlab_lu_decomposition\samples\main.dir\release\main.tlog\link-icx-cl-clang-cl-clang-offload-bundler.4548.read.1.tlog
c:\users\edlor_k\documents\github\itlab_lu_decomposition\samples\main.dir\release\main.tlog\link-icx-cl-clang-cl-clang-offload-bundler.4572.read.1.tlog
c:\users\edlor_k\documents\github\itlab_lu_decomposition\samples\main.dir\release\main.tlog\link-icx-cl-clang-cl-clang-offload-bundler.4572.write.1.tlog
c:\users\edlor_k\documents\github\itlab_lu_decomposition\samples\main.dir\release\main.tlog\link-icx-cl-clang-cl-clang-offload-bundler.4872.read.1.tlog
c:\users\edlor_k\documents\github\itlab_lu_decomposition\samples\main.dir\release\main.tlog\link-icx-cl-clang-cl-clang-offload-bundler.4944.read.1.tlog
c:\users\edlor_k\documents\github\itlab_lu_decomposition\samples\main.dir\release\main.tlog\link-icx-cl-clang-cl-clang-offload-bundler.5124.read.1.tlog
c:\users\edlor_k\documents\github\itlab_lu_decomposition\samples\main.dir\release\main.tlog\link-icx-cl-clang-cl-clang-offload-bundler.5132.read.1.tlog
c:\users\edlor_k\documents\github\itlab_lu_decomposition\samples\main.dir\release\main.tlog\link-icx-cl-clang-cl-clang-offload-bundler.5156.read.1.tlog
c:\users\edlor_k\documents\github\itlab_lu_decomposition\samples\main.dir\release\main.tlog\link-icx-cl-clang-cl-clang-offload-bundler.5188.read.1.tlog
c:\users\edlor_k\documents\github\itlab_lu_decomposition\samples\main.dir\release\main.tlog\link-icx-cl-clang-cl-clang-offload-bundler.5188.write.1.tlog
c:\users\edlor_k\documents\github\itlab_lu_decomposition\samples\main.dir\release\main.tlog\link-icx-cl-clang-cl-clang-offload-bundler.5776.read.1.tlog
c:\users\edlor_k\documents\github\itlab_lu_decomposition\samples\main.dir\release\main.tlog\link-icx-cl-clang-cl-clang-offload-bundler.5812.read.1.tlog
c:\users\edlor_k\documents\github\itlab_lu_decomposition\samples\main.dir\release\main.tlog\link-icx-cl-clang-cl-clang-offload-bundler.5812.write.1.tlog
c:\users\edlor_k\documents\github\itlab_lu_decomposition\samples\main.dir\release\main.tlog\link-icx-cl-clang-cl-clang-offload-bundler.5904.read.1.tlog
c:\users\edlor_k\documents\github\itlab_lu_decomposition\samples\main.dir\release\main.tlog\link-icx-cl-clang-cl-clang-offload-bundler.5904.write.1.tlog
c:\users\edlor_k\documents\github\itlab_lu_decomposition\samples\main.dir\release\main.tlog\link-icx-cl-clang-cl-clang-offload-bundler.5952.read.1.tlog
c:\users\edlor_k\documents\github\itlab_lu_decomposition\samples\main.dir\release\main.tlog\link-icx-cl-clang-cl-clang-offload-bundler.5952.write.1.tlog
c:\users\edlor_k\documents\github\itlab_lu_decomposition\samples\main.dir\release\main.tlog\link-icx-cl-clang-cl-clang-offload-bundler.6212.read.1.tlog
c:\users\edlor_k\documents\github\itlab_lu_decomposition\samples\main.dir\release\main.tlog\link-icx-cl-clang-cl-clang-offload-bundler.6212.write.1.tlog
c:\users\edlor_k\documents\github\itlab_lu_decomposition\samples\main.dir\release\main.tlog\link-icx-cl-clang-cl-clang-offload-bundler.6252.read.1.tlog
c:\users\edlor_k\documents\github\itlab_lu_decomposition\samples\main.dir\release\main.tlog\link-icx-cl-clang-cl-clang-offload-bundler.6280.read.1.tlog
c:\users\edlor_k\documents\github\itlab_lu_decomposition\samples\main.dir\release\main.tlog\link-icx-cl-clang-cl-clang-offload-bundler.6336.read.1.tlog
c:\users\edlor_k\documents\github\itlab_lu_decomposition\samples\main.dir\release\main.tlog\link-icx-cl-clang-cl-clang-offload-bundler.6672.read.1.tlog
c:\users\edlor_k\documents\github\itlab_lu_decomposition\samples\main.dir\release\main.tlog\link-icx-cl-clang-cl-clang-offload-bundler.6676.read.1.tlog
c:\users\edlor_k\documents\github\itlab_lu_decomposition\samples\main.dir\release\main.tlog\link-icx-cl-clang-cl-clang-offload-bundler.6676.write.1.tlog
c:\users\edlor_k\documents\github\itlab_lu_decomposition\samples\main.dir\release\main.tlog\link-icx-cl-clang-cl-clang-offload-bundler.676.read.1.tlog
c:\users\edlor_k\documents\github\itlab_lu_decomposition\samples\main.dir\release\main.tlog\link-icx-cl-clang-cl-clang-offload-bundler.6804.read.1.tlog
c:\users\edlor_k\documents\github\itlab_lu_decomposition\samples\main.dir\release\main.tlog\link-icx-cl-clang-cl-clang-offload-bundler.6804.write.1.tlog
c:\users\edlor_k\documents\github\itlab_lu_decomposition\samples\main.dir\release\main.tlog\link-icx-cl-clang-cl-clang-offload-bundler.6872.read.1.tlog
c:\users\edlor_k\documents\github\itlab_lu_decomposition\samples\main.dir\release\main.tlog\link-icx-cl-clang-cl-clang-offload-bundler.6888.read.1.tlog
c:\users\edlor_k\documents\github\itlab_lu_decomposition\samples\main.dir\release\main.tlog\link-icx-cl-clang-cl-clang-offload-bundler.6900.read.1.tlog
c:\users\edlor_k\documents\github\itlab_lu_decomposition\samples\main.dir\release\main.tlog\link-icx-cl-clang-cl-clang-offload-bundler.7020.read.1.tlog
c:\users\edlor_k\documents\github\itlab_lu_decomposition\samples\main.dir\release\main.tlog\link-icx-cl-clang-cl-clang-offload-bundler.7112.read.1.tlog
c:\users\edlor_k\documents\github\itlab_lu_decomposition\samples\main.dir\release\main.tlog\link-icx-cl-clang-cl-clang-offload-bundler.7220.read.1.tlog
c:\users\edlor_k\documents\github\itlab_lu_decomposition\samples\main.dir\release\main.tlog\link-icx-cl-clang-cl-clang-offload-bundler.7284.read.1.tlog
c:\users\edlor_k\documents\github\itlab_lu_decomposition\samples\main.dir\release\main.tlog\link-icx-cl-clang-cl-clang-offload-bundler.7284.write.1.tlog
c:\users\edlor_k\documents\github\itlab_lu_decomposition\samples\main.dir\release\main.tlog\link-icx-cl-clang-cl-clang-offload-bundler.7368.read.1.tlog
c:\users\edlor_k\documents\github\itlab_lu_decomposition\samples\main.dir\release\main.tlog\link-icx-cl-clang-cl-clang-offload-bundler.7452.read.1.tlog
c:\users\edlor_k\documents\github\itlab_lu_decomposition\samples\main.dir\release\main.tlog\link-icx-cl-clang-cl-clang-offload-bundler.7564.read.1.tlog
c:\users\edlor_k\documents\github\itlab_lu_decomposition\samples\main.dir\release\main.tlog\link-icx-cl-clang-cl-clang-offload-bundler.7564.write.1.tlog
c:\users\edlor_k\documents\github\itlab_lu_decomposition\samples\main.dir\release\main.tlog\link-icx-cl-clang-cl-clang-offload-bundler.7576.read.1.tlog
c:\users\edlor_k\documents\github\itlab_lu_decomposition\samples\main.dir\release\main.tlog\link-icx-cl-clang-cl-clang-offload-bundler.7624.read.1.tlog
c:\users\edlor_k\documents\github\itlab_lu_decomposition\samples\main.dir\release\main.tlog\link-icx-cl-clang-cl-clang-offload-bundler.7716.read.1.tlog
c:\users\edlor_k\documents\github\itlab_lu_decomposition\samples\main.dir\release\main.tlog\link-icx-cl-clang-cl-clang-offload-bundler.7716.write.1.tlog
c:\users\edlor_k\documents\github\itlab_lu_decomposition\samples\main.dir\release\main.tlog\link-icx-cl-clang-cl-clang-offload-bundler.7744.read.1.tlog
c:\users\edlor_k\documents\github\itlab_lu_decomposition\samples\main.dir\release\main.tlog\link-icx-cl-clang-cl-clang-offload-bundler.8000.read.1.tlog
c:\users\edlor_k\documents\github\itlab_lu_decomposition\samples\main.dir\release\main.tlog\link-icx-cl-clang-cl-clang-offload-bundler.8024.read.1.tlog
c:\users\edlor_k\documents\github\itlab_lu_decomposition\samples\main.dir\release\main.tlog\link-icx-cl-clang-cl-clang-offload-bundler.8036.read.1.tlog
c:\users\edlor_k\documents\github\itlab_lu_decomposition\samples\main.dir\release\main.tlog\link-icx-cl-clang-cl-clang-offload-bundler.8352.read.1.tlog
c:\users\edlor_k\documents\github\itlab_lu_decomposition\samples\main.dir\release\main.tlog\link-icx-cl-clang-cl-clang-offload-bundler.8352.write.1.tlog
c:\users\edlor_k\documents\github\itlab_lu_decomposition\samples\main.dir\release\main.tlog\link-icx-cl-clang-cl-clang-offload-bundler.8380.read.1.tlog
c:\users\edlor_k\documents\github\itlab_lu_decomposition\samples\main.dir\release\main.tlog\link-icx-cl-clang-cl-clang-offload-bundler.8804.read.1.tlog
c:\users\edlor_k\documents\github\itlab_lu_decomposition\samples\main.dir\release\main.tlog\link-icx-cl-clang-cl-clang-offload-bundler.8928.read.1.tlog
c:\users\edlor_k\documents\github\itlab_lu_decomposition\samples\main.dir\release\main.tlog\link-icx-cl-clang-cl-clang-offload-bundler.9124.read.1.tlog
c:\users\edlor_k\documents\github\itlab_lu_decomposition\samples\main.dir\release\main.tlog\link-icx-cl-clang-cl-clang-offload-bundler.9440.read.1.tlog
c:\users\edlor_k\documents\github\itlab_lu_decomposition\samples\main.dir\release\main.tlog\link-icx-cl-clang-cl-clang-offload-bundler.972.read.1.tlog
c:\users\edlor_k\documents\github\itlab_lu_decomposition\samples\main.dir\release\main.tlog\link-icx-cl-clang-cl-clang-offload-bundler.972.write.1.tlog
c:\users\edlor_k\documents\github\itlab_lu_decomposition\samples\main.dir\release\main.tlog\link-icx-cl-clang-cl-clang-offload-bundler.9728.read.1.tlog
c:\users\edlor_k\documents\github\itlab_lu_decomposition\samples\main.dir\release\main.tlog\link-icx-cl-clang-cl-clang-offload-bundler.read.1.tlog
c:\users\edlor_k\documents\github\itlab_lu_decomposition\samples\main.dir\release\main.tlog\link-icx-cl-clang-cl-clang-offload-wrapper-llvm-objcopy.11152.delete.1.tlog
c:\users\edlor_k\documents\github\itlab_lu_decomposition\samples\main.dir\release\main.tlog\link-icx-cl-clang-cl-clang-offload-wrapper-llvm-objcopy.11152.read.1.tlog
c:\users\edlor_k\documents\github\itlab_lu_decomposition\samples\main.dir\release\main.tlog\link-icx-cl-clang-cl-clang-offload-wrapper-llvm-objcopy.11152.write.1.tlog
c:\users\edlor_k\documents\github\itlab_lu_decomposition\samples\main.dir\release\main.tlog\link-icx-cl-clang-cl-clang-offload-wrapper-llvm-objcopy.13960.delete.1.tlog
c:\users\edlor_k\documents\github\itlab_lu_decomposition\samples\main.dir\release\main.tlog\link-icx-cl-clang-cl-clang-offload-wrapper-llvm-objcopy.13960.read.1.tlog
c:\users\edlor_k\documents\github\itlab_lu_decomposition\samples\main.dir\release\main.tlog\link-icx-cl-clang-cl-clang-offload-wrapper-llvm-objcopy.13960.write.1.tlog
c:\users\edlor_k\documents\github\itlab_lu_decomposition\samples\main.dir\release\main.tlog\link-icx-cl-clang-cl-clang-offload-wrapper-llvm-objcopy.delete.1.tlog
c:\users\edlor_k\documents\github\itlab_lu_decomposition\samples\main.dir\release\main.tlog\link-icx-cl-clang-cl-clang-offload-wrapper-llvm-objcopy.read.1.tlog
c:\users\edlor_k\documents\github\itlab_lu_decomposition\samples\main.dir\release\main.tlog\link-icx-cl-clang-cl-clang-offload-wrapper-llvm-objcopy.write.1.tlog
c:\users\edlor_k\documents\github\itlab_lu_decomposition\samples\main.dir\release\main.tlog\link-icx-cl-clang-cl-clang-offload-wrapper-yaml2obj.read.1.tlog
c:\users\edlor_k\documents\github\itlab_lu_decomposition\samples\main.dir\release\main.tlog\link-icx-cl-clang-cl-clang-offload-wrapper-yaml2obj.write.1.tlog
c:\users\edlor_k\documents\github\itlab_lu_decomposition\samples\main.dir\release\main.tlog\link-icx-cl-clang-cl-clang-offload-wrapper.delete.1.tlog
c:\users\edlor_k\documents\github\itlab_lu_decomposition\samples\main.dir\release\main.tlog\link-icx-cl-clang-cl-clang-offload-wrapper.read.1.tlog
c:\users\edlor_k\documents\github\itlab_lu_decomposition\samples\main.dir\release\main.tlog\link-icx-cl-clang-cl-clang-offload-wrapper.write.1.tlog
c:\users\edlor_k\documents\github\itlab_lu_decomposition\samples\main.dir\release\main.tlog\link-icx-cl-clang-cl-link-cvtres.read.1.tlog
c:\users\edlor_k\documents\github\itlab_lu_decomposition\samples\main.dir\release\main.tlog\link-icx-cl-clang-cl-link-cvtres.write.1.tlog
c:\users\edlor_k\documents\github\itlab_lu_decomposition\samples\main.dir\release\main.tlog\link-icx-cl-clang-cl-link-rc.read.1.tlog
c:\users\edlor_k\documents\github\itlab_lu_decomposition\samples\main.dir\release\main.tlog\link-icx-cl-clang-cl-link-rc.write.1.tlog
c:\users\edlor_k\documents\github\itlab_lu_decomposition\samples\main.dir\release\main.tlog\link-icx-cl-clang-cl-link.read.1.tlog
c:\users\edlor_k\documents\github\itlab_lu_decomposition\samples\main.dir\release\main.tlog\link-icx-cl-clang-cl-link.write.1.tlog
c:\users\edlor_k\documents\github\itlab_lu_decomposition\samples\main.dir\release\main.tlog\link-icx-cl-clang-cl-llvm-link.3696.read.1.tlog
c:\users\edlor_k\documents\github\itlab_lu_decomposition\samples\main.dir\release\main.tlog\link-icx-cl-clang-cl-llvm-link.3696.write.1.tlog
c:\users\edlor_k\documents\github\itlab_lu_decomposition\samples\main.dir\release\main.tlog\link-icx-cl-clang-cl-llvm-link.9372.read.1.tlog
c:\users\edlor_k\documents\github\itlab_lu_decomposition\samples\main.dir\release\main.tlog\link-icx-cl-clang-cl-llvm-link.9372.write.1.tlog
c:\users\edlor_k\documents\github\itlab_lu_decomposition\samples\main.dir\release\main.tlog\link-icx-cl-clang-cl-llvm-link.read.1.tlog
c:\users\edlor_k\documents\github\itlab_lu_decomposition\samples\main.dir\release\main.tlog\link-icx-cl-clang-cl-llvm-link.write.1.tlog
c:\users\edlor_k\documents\github\itlab_lu_decomposition\samples\main.dir\release\main.tlog\link-icx-cl-clang-cl-llvm-spirv.read.1.tlog
c:\users\edlor_k\documents\github\itlab_lu_decomposition\samples\main.dir\release\main.tlog\link-icx-cl-clang-cl-llvm-spirv.write.1.tlog
c:\users\edlor_k\documents\github\itlab_lu_decomposition\samples\main.dir\release\main.tlog\link-icx-cl-clang-cl-opencl-aot.read.1.tlog
c:\users\edlor_k\documents\github\itlab_lu_decomposition\samples\main.dir\release\main.tlog\link-icx-cl-clang-cl-opencl-aot.write.1.tlog
c:\users\edlor_k\documents\github\itlab_lu_decomposition\samples\main.dir\release\main.tlog\link-icx-cl-clang-cl-spirv-to-ir-wrapper.read.1.tlog
c:\users\edlor_k\documents\github\itlab_lu_decomposition\samples\main.dir\release\main.tlog\link-icx-cl-clang-cl-spirv-to-ir-wrapper.write.1.tlog
c:\users\edlor_k\documents\github\itlab_lu_decomposition\samples\main.dir\release\main.tlog\link-icx-cl-clang-cl-sycl-post-link.read.1.tlog
c:\users\edlor_k\documents\github\itlab_lu_decomposition\samples\main.dir\release\main.tlog\link-icx-cl-clang-cl-sycl-post-link.write.1.tlog
c:\users\edlor_k\documents\github\itlab_lu_decomposition\samples\main.dir\release\main.tlog\link-icx-cl-clang-cl.1500.delete.1.tlog
c:\users\edlor_k\documents\github\itlab_lu_decomposition\samples\main.dir\release\main.tlog\link-icx-cl-clang-cl.1500.read.1.tlog
c:\users\edlor_k\documents\github\itlab_lu_decomposition\samples\main.dir\release\main.tlog\link-icx-cl-clang-cl.1500.write.1.tlog
c:\users\edlor_k\documents\github\itlab_lu_decomposition\samples\main.dir\release\main.tlog\link-icx-cl-clang-cl.4688.delete.1.tlog
c:\users\edlor_k\documents\github\itlab_lu_decomposition\samples\main.dir\release\main.tlog\link-icx-cl-clang-cl.4688.read.1.tlog
c:\users\edlor_k\documents\github\itlab_lu_decomposition\samples\main.dir\release\main.tlog\link-icx-cl-clang-cl.4688.write.1.tlog
c:\users\edlor_k\documents\github\itlab_lu_decomposition\samples\main.dir\release\main.tlog\link-icx-cl-clang-cl.read.1.tlog
c:\users\edlor_k\documents\github\itlab_lu_decomposition\samples\main.dir\release\main.tlog\link-icx-cl-clang-cl.write.1.tlog
c:\users\edlor_k\documents\github\itlab_lu_decomposition\samples\main.dir\release\main.tlog\link-icx-cl.command.1.tlog
c:\users\edlor_k\documents\github\itlab_lu_decomposition\samples\main.dir\release\main.tlog\link-icx-cl.read.1.tlog
c:\users\edlor_k\documents\github\itlab_lu_decomposition\samples\main.dir\release\main.tlog\link-icx-cl.write.1.tlog
c:\users\edlor_k\documents\github\itlab_lu_decomposition\samples\main.dir\release\main.tlog\xilink-clang.read.1.tlog
c:\users\edlor_k\documents\github\itlab_lu_decomposition\samples\main.dir\release\main.tlog\xilink-link-cvtres.read.1.tlog
c:\users\edlor_k\documents\github\itlab_lu_decomposition\samples\main.dir\release\main.tlog\xilink-link-cvtres.write.1.tlog
c:\users\edlor_k\documents\github\itlab_lu_decomposition\samples\main.dir\release\main.tlog\xilink-link-rc.read.1.tlog
c:\users\edlor_k\documents\github\itlab_lu_decomposition\samples\main.dir\release\main.tlog\xilink-link-rc.write.1.tlog
c:\users\edlor_k\documents\github\itlab_lu_decomposition\samples\main.dir\release\main.tlog\xilink-link.read.1.tlog
c:\users\edlor_k\documents\github\itlab_lu_decomposition\samples\main.dir\release\main.tlog\xilink-link.write.1.tlog
c:\users\edlor_k\documents\github\itlab_lu_decomposition\samples\main.dir\release\main.tlog\xilink.command.1.tlog
c:\users\edlor_k\documents\github\itlab_lu_decomposition\samples\main.dir\release\main.tlog\xilink.read.1.tlog
c:\users\edlor_k\documents\github\itlab_lu_decomposition\samples\main.dir\release\main.tlog\xilink.write.1.tlog
